C:\Users\pooja.kesarkar\git\ngEmployeeManagementApp\ngApp\dist\out-tsc\e2e\src\app.po.js
C:\Users\pooja.kesarkar\git\ngEmployeeManagementApp\ngApp\dist\out-tsc\e2e\src\app.po.js.map
C:\Users\pooja.kesarkar\git\ngEmployeeManagementApp\ngApp\dist\out-tsc\e2e\src\app.e2e-spec.js
C:\Users\pooja.kesarkar\git\ngEmployeeManagementApp\ngApp\dist\out-tsc\e2e\src\app.e2e-spec.js.map
C:\Users\pooja.kesarkar\git\ngEmployeeManagementApp\ngApp\dist\out-tsc\src\app\app.component.js
C:\Users\pooja.kesarkar\git\ngEmployeeManagementApp\ngApp\dist\out-tsc\src\app\app.component.js.map
C:\Users\pooja.kesarkar\git\ngEmployeeManagementApp\ngApp\dist\out-tsc\src\app\nav-menu\nav-menu.component.js
C:\Users\pooja.kesarkar\git\ngEmployeeManagementApp\ngApp\dist\out-tsc\src\app\nav-menu\nav-menu.component.js.map
C:\Users\pooja.kesarkar\git\ngEmployeeManagementApp\ngApp\dist\out-tsc\src\app\APIService\shared.service.js
C:\Users\pooja.kesarkar\git\ngEmployeeManagementApp\ngApp\dist\out-tsc\src\app\APIService\shared.service.js.map
C:\Users\pooja.kesarkar\git\ngEmployeeManagementApp\ngApp\dist\out-tsc\src\app\Employee\EmployeeList\EmployeeList.component.js
C:\Users\pooja.kesarkar\git\ngEmployeeManagementApp\ngApp\dist\out-tsc\src\app\Employee\EmployeeList\EmployeeList.component.js.map
C:\Users\pooja.kesarkar\git\ngEmployeeManagementApp\ngApp\dist\out-tsc\src\app\app.module.js
C:\Users\pooja.kesarkar\git\ngEmployeeManagementApp\ngApp\dist\out-tsc\src\app\app.module.js.map
C:\Users\pooja.kesarkar\git\ngEmployeeManagementApp\ngApp\dist\out-tsc\src\environments\environment.js
C:\Users\pooja.kesarkar\git\ngEmployeeManagementApp\ngApp\dist\out-tsc\src\environments\environment.js.map
C:\Users\pooja.kesarkar\git\ngEmployeeManagementApp\ngApp\dist\out-tsc\src\main.js
C:\Users\pooja.kesarkar\git\ngEmployeeManagementApp\ngApp\dist\out-tsc\src\main.js.map
C:\Users\pooja.kesarkar\git\ngEmployeeManagementApp\ngApp\dist\out-tsc\src\polyfills.js
C:\Users\pooja.kesarkar\git\ngEmployeeManagementApp\ngApp\dist\out-tsc\src\polyfills.js.map
C:\Users\pooja.kesarkar\git\ngEmployeeManagementApp\ngApp\dist\out-tsc\src\test.js
C:\Users\pooja.kesarkar\git\ngEmployeeManagementApp\ngApp\dist\out-tsc\src\test.js.map
C:\Users\pooja.kesarkar\git\ngEmployeeManagementApp\ngApp\dist\out-tsc\src\app\app.server.module.js
C:\Users\pooja.kesarkar\git\ngEmployeeManagementApp\ngApp\dist\out-tsc\src\app\app.server.module.js.map
C:\Users\pooja.kesarkar\git\ngEmployeeManagementApp\ngApp\dist\out-tsc\src\environments\environment.prod.js
C:\Users\pooja.kesarkar\git\ngEmployeeManagementApp\ngApp\dist\out-tsc\src\environments\environment.prod.js.map
